Traceback (most recent call last):
  File "/opt/hostedtoolcache/Python/3.11.8/x64/lib/python3.11/site-packages/jupyter_cache/executors/utils.py", line 58, in single_nb_execution
    executenb(
  File "/opt/hostedtoolcache/Python/3.11.8/x64/lib/python3.11/site-packages/nbclient/client.py", line 1305, in execute
    return NotebookClient(nb=nb, resources=resources, km=km, **kwargs).execute()
           ^^^^^^^^^^^^^^^^^^^^^^^^^^^^^^^^^^^^^^^^^^^^^^^^^^^^^^^^^^^^^^^^^^^^^
  File "/opt/hostedtoolcache/Python/3.11.8/x64/lib/python3.11/site-packages/jupyter_core/utils/__init__.py", line 165, in wrapped
    return loop.run_until_complete(inner)
           ^^^^^^^^^^^^^^^^^^^^^^^^^^^^^^
  File "/opt/hostedtoolcache/Python/3.11.8/x64/lib/python3.11/asyncio/base_events.py", line 654, in run_until_complete
    return future.result()
           ^^^^^^^^^^^^^^^
  File "/opt/hostedtoolcache/Python/3.11.8/x64/lib/python3.11/site-packages/nbclient/client.py", line 705, in async_execute
    await self.async_execute_cell(
  File "/opt/hostedtoolcache/Python/3.11.8/x64/lib/python3.11/site-packages/nbclient/client.py", line 1058, in async_execute_cell
    await self._check_raise_for_error(cell, cell_index, exec_reply)
  File "/opt/hostedtoolcache/Python/3.11.8/x64/lib/python3.11/site-packages/nbclient/client.py", line 914, in _check_raise_for_error
    raise CellExecutionError.from_cell_and_msg(cell, exec_reply_content)
nbclient.exceptions.CellExecutionError: An error occurred while executing the following cell:
------------------
%matplotlib inline
import numpy as np
from astropy.io import fits
from astropy.table import Table
import matplotlib.pyplot as plt
from astroquery.mast import Mast
from astroquery.mast import Observations
------------------


[0;31m---------------------------------------------------------------------------[0m
[0;31mModuleNotFoundError[0m                       Traceback (most recent call last)
Cell [0;32mIn[1], line 1[0m
[0;32m----> 1[0m [43mget_ipython[49m[43m([49m[43m)[49m[38;5;241;43m.[39;49m[43mrun_line_magic[49m[43m([49m[38;5;124;43m'[39;49m[38;5;124;43mmatplotlib[39;49m[38;5;124;43m'[39;49m[43m,[49m[43m [49m[38;5;124;43m'[39;49m[38;5;124;43minline[39;49m[38;5;124;43m'[39;49m[43m)[49m
[1;32m      2[0m [38;5;28;01mimport[39;00m [38;5;21;01mnumpy[39;00m [38;5;28;01mas[39;00m [38;5;21;01mnp[39;00m
[1;32m      3[0m [38;5;28;01mfrom[39;00m [38;5;21;01mastropy[39;00m[38;5;21;01m.[39;00m[38;5;21;01mio[39;00m [38;5;28;01mimport[39;00m fits

File [0;32m/opt/hostedtoolcache/Python/3.11.8/x64/lib/python3.11/site-packages/IPython/core/interactiveshell.py:2480[0m, in [0;36mInteractiveShell.run_line_magic[0;34m(self, magic_name, line, _stack_depth)[0m
[1;32m   2478[0m     kwargs[[38;5;124m'[39m[38;5;124mlocal_ns[39m[38;5;124m'[39m] [38;5;241m=[39m [38;5;28mself[39m[38;5;241m.[39mget_local_scope(stack_depth)
[1;32m   2479[0m [38;5;28;01mwith[39;00m [38;5;28mself[39m[38;5;241m.[39mbuiltin_trap:
[0;32m-> 2480[0m     result [38;5;241m=[39m [43mfn[49m[43m([49m[38;5;241;43m*[39;49m[43margs[49m[43m,[49m[43m [49m[38;5;241;43m*[39;49m[38;5;241;43m*[39;49m[43mkwargs[49m[43m)[49m
[1;32m   2482[0m [38;5;66;03m# The code below prevents the output from being displayed[39;00m
[1;32m   2483[0m [38;5;66;03m# when using magics with decorator @output_can_be_silenced[39;00m
[1;32m   2484[0m [38;5;66;03m# when the last Python token in the expression is a ';'.[39;00m
[1;32m   2485[0m [38;5;28;01mif[39;00m [38;5;28mgetattr[39m(fn, magic[38;5;241m.[39mMAGIC_OUTPUT_CAN_BE_SILENCED, [38;5;28;01mFalse[39;00m):

File [0;32m/opt/hostedtoolcache/Python/3.11.8/x64/lib/python3.11/site-packages/IPython/core/magics/pylab.py:99[0m, in [0;36mPylabMagics.matplotlib[0;34m(self, line)[0m
[1;32m     97[0m     [38;5;28mprint[39m([38;5;124m"[39m[38;5;124mAvailable matplotlib backends: [39m[38;5;132;01m%s[39;00m[38;5;124m"[39m [38;5;241m%[39m backends_list)
[1;32m     98[0m [38;5;28;01melse[39;00m:
[0;32m---> 99[0m     gui, backend [38;5;241m=[39m [38;5;28;43mself[39;49m[38;5;241;43m.[39;49m[43mshell[49m[38;5;241;43m.[39;49m[43menable_matplotlib[49m[43m([49m[43margs[49m[38;5;241;43m.[39;49m[43mgui[49m[38;5;241;43m.[39;49m[43mlower[49m[43m([49m[43m)[49m[43m [49m[38;5;28;43;01mif[39;49;00m[43m [49m[38;5;28;43misinstance[39;49m[43m([49m[43margs[49m[38;5;241;43m.[39;49m[43mgui[49m[43m,[49m[43m [49m[38;5;28;43mstr[39;49m[43m)[49m[43m [49m[38;5;28;43;01melse[39;49;00m[43m [49m[43margs[49m[38;5;241;43m.[39;49m[43mgui[49m[43m)[49m
[1;32m    100[0m     [38;5;28mself[39m[38;5;241m.[39m_show_matplotlib_backend(args[38;5;241m.[39mgui, backend)

File [0;32m/opt/hostedtoolcache/Python/3.11.8/x64/lib/python3.11/site-packages/IPython/core/interactiveshell.py:3658[0m, in [0;36mInteractiveShell.enable_matplotlib[0;34m(self, gui)[0m
[1;32m   3637[0m [38;5;250m[39m[38;5;124;03m"""Enable interactive matplotlib and inline figure support.[39;00m
[1;32m   3638[0m 
[1;32m   3639[0m [38;5;124;03mThis takes the following steps:[39;00m
[0;32m   (...)[0m
[1;32m   3655[0m [38;5;124;03m    display figures inline.[39;00m
[1;32m   3656[0m [38;5;124;03m"""[39;00m
[1;32m   3657[0m [38;5;28;01mfrom[39;00m [38;5;21;01mIPython[39;00m[38;5;21;01m.[39;00m[38;5;21;01mcore[39;00m [38;5;28;01mimport[39;00m pylabtools [38;5;28;01mas[39;00m pt
[0;32m-> 3658[0m gui, backend [38;5;241m=[39m [43mpt[49m[38;5;241;43m.[39;49m[43mfind_gui_and_backend[49m[43m([49m[43mgui[49m[43m,[49m[43m [49m[38;5;28;43mself[39;49m[38;5;241;43m.[39;49m[43mpylab_gui_select[49m[43m)[49m
[1;32m   3660[0m [38;5;28;01mif[39;00m gui [38;5;241m!=[39m [38;5;124m'[39m[38;5;124minline[39m[38;5;124m'[39m:
[1;32m   3661[0m     [38;5;66;03m# If we have our first gui selection, store it[39;00m
[1;32m   3662[0m     [38;5;28;01mif[39;00m [38;5;28mself[39m[38;5;241m.[39mpylab_gui_select [38;5;129;01mis[39;00m [38;5;28;01mNone[39;00m:

File [0;32m/opt/hostedtoolcache/Python/3.11.8/x64/lib/python3.11/site-packages/IPython/core/pylabtools.py:320[0m, in [0;36mfind_gui_and_backend[0;34m(gui, gui_select)[0m
[1;32m    303[0m [38;5;28;01mdef[39;00m [38;5;21mfind_gui_and_backend[39m(gui[38;5;241m=[39m[38;5;28;01mNone[39;00m, gui_select[38;5;241m=[39m[38;5;28;01mNone[39;00m):
[1;32m    304[0m [38;5;250m    [39m[38;5;124;03m"""Given a gui string return the gui and mpl backend.[39;00m
[1;32m    305[0m 
[1;32m    306[0m [38;5;124;03m    Parameters[39;00m
[0;32m   (...)[0m
[1;32m    317[0m [38;5;124;03m    'WXAgg','Qt4Agg','module://matplotlib_inline.backend_inline','agg').[39;00m
[1;32m    318[0m [38;5;124;03m    """[39;00m
[0;32m--> 320[0m     [38;5;28;01mimport[39;00m [38;5;21;01mmatplotlib[39;00m
[1;32m    322[0m     has_unified_qt_backend [38;5;241m=[39m [38;5;28mgetattr[39m(matplotlib, [38;5;124m"[39m[38;5;124m__version_info__[39m[38;5;124m"[39m, ([38;5;241m0[39m, [38;5;241m0[39m)) [38;5;241m>[39m[38;5;241m=[39m ([38;5;241m3[39m, [38;5;241m5[39m)
[1;32m    324[0m     backends_ [38;5;241m=[39m [38;5;28mdict[39m(backends)

[0;31mModuleNotFoundError[0m: No module named 'matplotlib'

